#
# There is insufficient memory for the Java Runtime Environment to continue.
# Native memory allocation (mmap) failed to map 536870912 bytes for G1 virtual space
# Possible reasons:
#   The system is out of physical RAM or swap space
#   The process is running with CompressedOops enabled, and the Java Heap may be blocking the growth of the native heap
# Possible solutions:
#   Reduce memory load on the system
#   Increase physical memory or swap space
#   Check if swap backing store is full
#   Decrease Java heap size (-Xmx/-Xms)
#   Decrease number of Java threads
#   Decrease Java thread stack sizes (-Xss)
#   Set larger code cache with -XX:ReservedCodeCacheSize=
#   JVM is running with Zero Based Compressed Oops mode in which the Java heap is
#     placed in the first 32GB address space. The Java Heap base address is the
#     maximum limit for the native heap growth. Please use -XX:HeapBaseMinAddress
#     to set the Java Heap base and to place the Java Heap above 32GB virtual address.
# This output file may be truncated or incomplete.
#
#  Out of Memory Error (os_windows.cpp:3550), pid=111880, tid=110956
#
# JRE version:  (17.0.8+9) (build )
# Java VM: Java HotSpot(TM) 64-Bit Server VM (17.0.8+9-LTS-211, mixed mode, sharing, tiered, compressed oops, compressed class ptrs, g1 gc, windows-amd64)
# No core dump will be written. Minidumps are not enabled by default on client versions of Windows
#

---------------  S U M M A R Y ------------

Command Line: --enable-native-access=ALL-UNNAMED 

Host: 11th Gen Intel(R) Core(TM) i5-11320H @ 3.20GHz, 8 cores, 31G,  Windows 11 , 64 bit Build 26100 (10.0.26100.7920)
Time: Tue Apr 14 16:36:59 2026 Afr. centrale Ouest elapsed time: 0.111872 seconds (0d 0h 0m 0s)

---------------  T H R E A D  ---------------

Current thread (0x00000230f5ae86b0):  JavaThread "Unknown thread" [_thread_in_vm, id=110956, stack(0x0000003fcc800000,0x0000003fcc900000)]

Stack: [0x0000003fcc800000,0x0000003fcc900000]
Native frames: (J=compiled Java code, j=interpreted, Vv=VM code, C=native code)
V  [jvm.dll+0x677d0a]
V  [jvm.dll+0x7d8c54]
V  [jvm.dll+0x7da3fe]
V  [jvm.dll+0x7daa63]
V  [jvm.dll+0x245c5f]
V  [jvm.dll+0x674bb9]
V  [jvm.dll+0x6694f2]
V  [jvm.dll+0x3031d6]
V  [jvm.dll+0x30a756]
V  [jvm.dll+0x359f9e]
V  [jvm.dll+0x35a1cf]
V  [jvm.dll+0x2da3e8]
V  [jvm.dll+0x2db354]
V  [jvm.dll+0x7aa711]
V  [jvm.dll+0x367b51]
V  [jvm.dll+0x789979]
V  [jvm.dll+0x3eb05f]
V  [jvm.dll+0x3ecae1]
C  [jli.dll+0x5297]
C  [ucrtbase.dll+0x37b0]
C  [KERNEL32.DLL+0x2e8d7]
C  [ntdll.dll+0x8c48c]


---------------  P R O C E S S  ---------------

Threads class SMR info:
_java_thread_list=0x00007ffa15f559d8, length=0, elements={
}

Java Threads: ( => current thread )

Other Threads:
  0x00000230f5b9a7a0 GCTaskThread "GC Thread#0" [stack: 0x0000003fcc900000,0x0000003fcca00000] [id=96136]
  0x00000230f5bab440 ConcurrentGCThread "G1 Main Marker" [stack: 0x0000003fcca00000,0x0000003fccb00000] [id=106280]
  0x00000230f5babd60 ConcurrentGCThread "G1 Conc#0" [stack: 0x0000003fccb00000,0x0000003fccc00000] [id=111656]

[error occurred during error reporting (printing all threads), id 0xc0000005, EXCEPTION_ACCESS_VIOLATION (0xc0000005) at pc=0x00007ffa1578b047]

VM state: not at safepoint (not fully initialized)

VM Mutex/Monitor currently owned by a thread:  ([mutex/lock_event])
[0x00000230f5ae41f0] Heap_lock - owner thread: 0x00000230f5ae86b0

Heap address: 0x0000000603400000, size: 8140 MB, Compressed Oops mode: Zero based, Oop shift amount: 3

CDS archive(s) mapped at: [0x0000000000000000-0x0000000000000000-0x0000000000000000), size 0, SharedBaseAddress: 0x0000000800000000, ArchiveRelocationMode: 1.
Narrow klass base: 0x0000000000000000, Narrow klass shift: 0, Narrow klass range: 0x0

GC Precious Log:
<Empty>

Heap:
 garbage-first heap   total 0K, used 0K [0x0000000603400000, 0x0000000800000000)
  region size 4096K, 0 young (0K), 0 survivors (0K)

[error occurred during error reporting (printing heap information), id 0xc0000005, EXCEPTION_ACCESS_VIOLATION (0xc0000005) at pc=0x00007ffa15b71499]

GC Heap History (0 events):
No events

Deoptimization events (0 events):
No events

Classes unloaded (0 events):
No events

Classes redefined (0 events):
No events

Internal exceptions (0 events):
No events

VM Operations (0 events):
No events

Events (1 events):
Event: 0.092 Loaded shared library C:\Program Files\Java\jdk-17\bin\java.dll


Dynamic libraries:
0x00007ff7fba80000 - 0x00007ff7fba90000 	C:\Program Files\Java\jdk-17\bin\java.exe
0x00007ffb06b40000 - 0x00007ffb06da7000 	C:\WINDOWS\SYSTEM32\ntdll.dll
0x00007ffb05e80000 - 0x00007ffb05f49000 	C:\WINDOWS\System32\KERNEL32.DLL
0x00007ffb04220000 - 0x00007ffb04611000 	C:\WINDOWS\System32\KERNELBASE.dll
0x00007ffb03dc0000 - 0x00007ffb03f0b000 	C:\WINDOWS\System32\ucrtbase.dll
0x00007ffa7f4d0000 - 0x00007ffa7f4e9000 	C:\Program Files\Java\jdk-17\bin\jli.dll
0x00007ffb05d40000 - 0x00007ffb05dfb000 	C:\WINDOWS\System32\ADVAPI32.dll
0x00007ffb06360000 - 0x00007ffb06409000 	C:\WINDOWS\System32\msvcrt.dll
0x00007ffb06130000 - 0x00007ffb061d7000 	C:\WINDOWS\System32\sechost.dll
0x00007ffb065f0000 - 0x00007ffb06708000 	C:\WINDOWS\System32\RPCRT4.dll
0x00007ffb05f60000 - 0x00007ffb06125000 	C:\WINDOWS\System32\USER32.dll
0x00007ffb03f10000 - 0x00007ffb03f37000 	C:\WINDOWS\System32\win32u.dll
0x00007ffb069e0000 - 0x00007ffb06a0b000 	C:\WINDOWS\System32\GDI32.dll
0x00007ffb03420000 - 0x00007ffb0354b000 	C:\WINDOWS\System32\gdi32full.dll
0x00007ffb04170000 - 0x00007ffb04213000 	C:\WINDOWS\System32\msvcp_win.dll
0x00007ffa7f460000 - 0x00007ffa7f47b000 	C:\Program Files\Java\jdk-17\bin\VCRUNTIME140.dll
0x00007ffae1c50000 - 0x00007ffae1ee3000 	C:\WINDOWS\WinSxS\amd64_microsoft.windows.common-controls_6595b64144ccf1df_6.0.26100.8037_none_3e092faae333b53b\COMCTL32.dll
0x00007ffaf77f0000 - 0x00007ffaf77fb000 	C:\WINDOWS\SYSTEM32\VERSION.dll
0x00007ffb048e0000 - 0x00007ffb04911000 	C:\WINDOWS\System32\IMM32.DLL
0x00007ffac1a60000 - 0x00007ffac1a6c000 	C:\Program Files\Java\jdk-17\bin\vcruntime140_1.dll
0x00007ffa4b680000 - 0x00007ffa4b70e000 	C:\Program Files\Java\jdk-17\bin\msvcp140.dll
0x00007ffa154a0000 - 0x00007ffa1607e000 	C:\Program Files\Java\jdk-17\bin\server\jvm.dll
0x00007ffb05bb0000 - 0x00007ffb05bb8000 	C:\WINDOWS\System32\PSAPI.DLL
0x00007ffaf7ce0000 - 0x00007ffaf7d15000 	C:\WINDOWS\SYSTEM32\WINMM.dll
0x00007ffafd710000 - 0x00007ffafd71a000 	C:\WINDOWS\SYSTEM32\WSOCK32.dll
0x00007ffb04eb0000 - 0x00007ffb04f24000 	C:\WINDOWS\System32\WS2_32.dll
0x00007ffb02190000 - 0x00007ffb021ab000 	C:\WINDOWS\SYSTEM32\kernel.appcore.dll
0x00007ffab8f00000 - 0x00007ffab8f0a000 	C:\Program Files\Java\jdk-17\bin\jimage.dll
0x00007ffb01210000 - 0x00007ffb01452000 	C:\WINDOWS\SYSTEM32\DBGHELP.DLL
0x00007ffb04980000 - 0x00007ffb04d02000 	C:\WINDOWS\System32\combase.dll
0x00007ffb06710000 - 0x00007ffb067e7000 	C:\WINDOWS\System32\OLEAUT32.dll
0x00007ffadbd10000 - 0x00007ffadbd4b000 	C:\WINDOWS\SYSTEM32\dbgcore.DLL
0x00007ffb04620000 - 0x00007ffb046c5000 	C:\WINDOWS\System32\bcryptPrimitives.dll
0x00007ffa7e9b0000 - 0x00007ffa7e9d5000 	C:\Program Files\Java\jdk-17\bin\java.dll

dbghelp: loaded successfully - version: 4.0.5 - missing functions: none
symbol engine: initialized successfully - sym options: 0x614 - pdb path: .;C:\Program Files\Java\jdk-17\bin;C:\WINDOWS\SYSTEM32;C:\WINDOWS\WinSxS\amd64_microsoft.windows.common-controls_6595b64144ccf1df_6.0.26100.8037_none_3e092faae333b53b;C:\Program Files\Java\jdk-17\bin\server

VM Arguments:
jvm_args: --enable-native-access=ALL-UNNAMED 
java_command: <unknown>
java_class_path (initial): <not set>
Launcher Type: SUN_STANDARD

[Global flags]
     intx CICompilerCount                          = 4                                         {product} {ergonomic}
     uint ConcGCThreads                            = 2                                         {product} {ergonomic}
     uint G1ConcRefinementThreads                  = 8                                         {product} {ergonomic}
   size_t G1HeapRegionSize                         = 4194304                                   {product} {ergonomic}
    uintx GCDrainStackTargetSize                   = 64                                        {product} {ergonomic}
   size_t InitialHeapSize                          = 536870912                                 {product} {ergonomic}
   size_t MarkStackSize                            = 4194304                                   {product} {ergonomic}
   size_t MaxHeapSize                              = 8535408640                                {product} {ergonomic}
   size_t MinHeapDeltaBytes                        = 4194304                                   {product} {ergonomic}
   size_t MinHeapSize                              = 8388608                                   {product} {ergonomic}
    uintx NonNMethodCodeHeapSize                   = 5839372                                {pd product} {ergonomic}
    uintx NonProfiledCodeHeapSize                  = 122909434                              {pd product} {ergonomic}
    uintx ProfiledCodeHeapSize                     = 122909434                              {pd product} {ergonomic}
    uintx ReservedCodeCacheSize                    = 251658240                              {pd product} {ergonomic}
     bool SegmentedCodeCache                       = true                                      {product} {ergonomic}
   size_t SoftMaxHeapSize                          = 8535408640                             {manageable} {ergonomic}
     bool UseCompressedClassPointers               = true                           {product lp64_product} {ergonomic}
     bool UseCompressedOops                        = true                           {product lp64_product} {ergonomic}
     bool UseG1GC                                  = true                                      {product} {ergonomic}
     bool UseLargePagesIndividualAllocation        = false                                  {pd product} {ergonomic}

Logging:
Log output configuration:
 #0: stdout all=warning uptime,level,tags
 #1: stderr all=off uptime,level,tags

Environment Variables:
JAVA_HOME=C:\Program Files\Java\jdk-17
PATH=C:\Users\inesb\.sbx-denybin;C:\Program Files\Microsoft MPI\Bin\;C:\Users\inesb\AppData\Roaming\npm;C:\Program Files\nodejs\;C:\Program Files\Go\bin;C:\Program Files\MongoDB\mongosh-2.3.1-win32-x64\mongosh-2.3.1-win32-x64\bin;C:\Program Files\MongoDB\Server\7.0\bin;C:\Program Files\heroku\bin;C:\Users\inesb\Downloads\stripe_1.21.11_windows_x86_64;C:\composer;C:\Program Files\PHP;C:\WINDOWS\system32;C:\WINDOWS;C:\WINDOWS\System32\Wbem;C:\WINDOWS\System32\WindowsPowerShell\v1.0\;C:\WINDOWS\System32\OpenSSH\;C:\ProgramData\mingw64\mingw64\bin;C:\Program Files\Git\cmd;C:\Program Files\Amazon\AWSCLIV2\;C:\Users\inesb\scoop\shims;C:\Program Files\CMake\bin;C:\Python312\Scripts\;C:\Python312\;C:\Program Files\Common Files\Oracle\Java\javapath;C:\oraclexe\app\oracle\product\10.2.0\server\bin;C:\Program Files (x86)\VMware\VMware Workstation\bin\;C:\Windows\system32;C:\Windows;C:\Windows\System32\Wbem;C:\Windows\System32\WindowsPowerShell\v1.0\;C:\Windows\System32\OpenSSH\;C:\Program Files (x86)\NVIDIA Corporation\PhysX\Common;C:\Program Files\NVIDIA Corporation\NVIDIA NvDLISR;C:\Users\inesb\AppData\Local\Packages\PythonSoftwareFoundation.Python.3.11_qbz5n2kfra8p0\LocalCache\local-packages\Python311\Scripts;C:\Program Files\Java\jdk-17\bin;C:\Program Files (x86)\Gpg4win\..\GnuPG\bin;C:\Program Files\PuTTY\;C:\Program Files\Docker\Docker\resources\bin;C:\ProgramData\chocolatey\bin;C:\ProgramData\nvm;C:\Program Files\OpenSSH-Win64;C:\Users\inesb\AppData\Local\Microsoft\WindowsApps;C:\Users\inesb\AppData\Roa;C:\Users\inesb\AppData\Ro;C:\Users\inesb\go\bin;C:\Users\inesb\AppData\Roaming\Composer\vendor\bin;C:\Users\inesb\Downloads\Composer-Setup.exe;C:\Users\inesb\AppData\Local\Microsoft\WindowsApps;C:\flutter\bin;C:\Users\inesb\AppData\Local\Pub\Cache\bin;C:\Users\inesb\AppData\Local\Programs\Microsoft VS Code\bin;C:\Users\inesb\AWSCLIV2.msi;C:\Users\inesb\AppData\Local\Programs\Antigravity\bin;C:\Users\inesb\AppData\Local\Python\bin
USERNAME=inesb
OS=Windows_NT
PROCESSOR_IDENTIFIER=Intel64 Family 6 Model 140 Stepping 2, GenuineIntel



---------------  S Y S T E M  ---------------

OS:
 Windows 11 , 64 bit Build 26100 (10.0.26100.7920)
OS uptime: 4 days 17:52 hours
Hyper-V role detected

CPU: total 8 (initial active 8) (4 cores per cpu, 2 threads per core) family 6 model 140 stepping 2 microcode 0x26, cx8, cmov, fxsr, ht, mmx, 3dnowpref, sse, sse2, sse3, ssse3, sse4.1, sse4.2, popcnt, lzcnt, tsc, tscinvbit, avx, avx2, aes, erms, clmul, bmi1, bmi2, adx, avx512f, avx512dq, avx512cd, avx512bw, avx512vl, sha, fma, vzeroupper, avx512_vpopcntdq, avx512_vpclmulqdq, avx512_vaes, avx512_vnni, clflush, clflushopt, clwb, avx512_vbmi2, avx512_vbmi, hv

Memory: 4k page, system-wide physical 32551M (3124M free)
TotalPageFile size 63939M (AvailPageFile size 522M)
current process WorkingSet (physical memory assigned to process): 12M, peak: 12M
current process commit charge ("private bytes"): 60M, peak: 572M

vm_info: Java HotSpot(TM) 64-Bit Server VM (17.0.8+9-LTS-211) for windows-amd64 JRE (17.0.8+9-LTS-211), built on Jun 14 2023 10:34:31 by "mach5one" with MS VC++ 17.1 (VS2022)

END.
